<?xml version="1.0" encoding="UTF-8"?>
<testng-results skipped="0" failed="0" ignored="0" total="1" passed="1">
  <reporter-output>
  </reporter-output>
  <suite name="Default suite" duration-ms="95" started-at="2018-10-10T19:49:07Z" finished-at="2018-10-10T19:49:07Z">
    <groups>
    </groups>
    <test name="Default test" duration-ms="95" started-at="2018-10-10T19:49:07Z" finished-at="2018-10-10T19:49:07Z">
      <class name="org.selenium.edurekaproject.projectedureka.AppTest">
        <test-method status="PASS" signature="firstTest()[pri:0, instance:org.selenium.edurekaproject.projectedureka.AppTest@735b5592]" name="firstTest" duration-ms="22" started-at="2018-10-10T19:49:07Z" finished-at="2018-10-10T19:49:07Z">
          <reporter-output>
          </reporter-output>
        </test-method> <!-- firstTest -->
      </class> <!-- org.selenium.edurekaproject.projectedureka.AppTest -->
    </test> <!-- Default test -->
  </suite> <!-- Default suite -->
</testng-results>
