<?xml version="1.0" encoding="UTF-8"?>
<testng-results skipped="0" failed="0" ignored="0" total="1" passed="1">
  <reporter-output>
  </reporter-output>
  <suite name="Default suite" duration-ms="77" started-at="2018-10-11T12:07:23Z" finished-at="2018-10-11T12:07:23Z">
    <groups>
    </groups>
    <test name="Default test" duration-ms="77" started-at="2018-10-11T12:07:23Z" finished-at="2018-10-11T12:07:23Z">
      <class name="org.selenium.myMaven.myMaven.AppTest">
        <test-method status="PASS" signature="apptest()[pri:0, instance:org.selenium.myMaven.myMaven.AppTest@396a51ab]" name="apptest" duration-ms="22" started-at="2018-10-11T12:07:23Z" finished-at="2018-10-11T12:07:23Z">
          <reporter-output>
          </reporter-output>
        </test-method> <!-- apptest -->
      </class> <!-- org.selenium.myMaven.myMaven.AppTest -->
    </test> <!-- Default test -->
  </suite> <!-- Default suite -->
</testng-results>
